2023-06-01 09:36:57,411 [INFO] Activator:176 - 


2023-06-01 09:36:57,411 [INFO] Activator:177 - !SESSION log4j initialized
2023-06-01 09:37:01,441 [INFO] LogOutputStream:77 - [STDOUT_REDIRECT] 
2023-06-01 09:37:03,690 [ERROR] LogOutputStream:75 - [STDERR_REDIRECT] Jun 01, 2023 9:37:03 AM org.glassfish.grizzly.http.server.NetworkListener start
2023-06-01 09:37:03,695 [ERROR] LogOutputStream:75 - [STDERR_REDIRECT] INFO: Started listener bound to [localhost:1594]
2023-06-01 09:37:03,696 [ERROR] LogOutputStream:75 - [STDERR_REDIRECT] 
2023-06-01 09:37:03,700 [ERROR] LogOutputStream:75 - [STDERR_REDIRECT] Jun 01, 2023 9:37:03 AM org.glassfish.grizzly.http.server.HttpServer start
2023-06-01 09:37:03,702 [ERROR] LogOutputStream:75 - [STDERR_REDIRECT] INFO: [HttpServer] Started.
2023-06-01 09:37:03,703 [ERROR] LogOutputStream:75 - [STDERR_REDIRECT] 
2023-06-01 09:37:06,060 [INFO] ApplicationProperties:184 - Using Application install path: C:\ST\STM32CubeIDE_1.12.0\STM32CubeIDE\plugins\com.st.stm32cube.common.mx_6.8.1.202304191431
2023-06-01 09:37:06,094 [INFO] DbMcusXml:78 - Set database path to: C:\ST\STM32CubeIDE_1.12.0\STM32CubeIDE\plugins\com.st.stm32cube.common.mx_6.8.1.202304191431\\db\/mcu/
2023-06-01 09:37:06,095 [INFO] ApiDb:274 - Set plugin database path to: C:\ST\STM32CubeIDE_1.12.0\STM32CubeIDE\plugins\com.st.stm32cube.common.mx_6.8.1.202304191431\\db\/plugins/boardmanager/
2023-06-01 09:37:06,098 [WARN] ApiDb:259 - Overriding images path with different value:  => C:\ST\STM32CubeIDE_1.12.0\STM32CubeIDE\plugins\com.st.stm32cube.common.mx_6.8.1.202304191431\\db\/plugins/mcufinder/images/
2023-06-01 09:37:06,124 [INFO] ApiDb:250 - Set database path to: C:\Users\Admin\.stmcufinder\plugins\mcufinder//mcu/
2023-06-01 09:37:06,126 [INFO] DbMcusAds:125 - Set database path to: C:\Users\Admin\.stmcufinder\plugins\mcufinder//mcu/
2023-06-01 09:37:06,852 [INFO] CrossReferenceDbSqlite:203 - Set database path to: C:\Users\Admin\.stmcufinder\plugins\mcufinder//mcu/cs/
2023-06-01 09:37:07,066 [INFO] RulesReader:64 - Compatibility file has been processed (293 Rules)
2023-06-01 09:37:07,201 [INFO] DbMcusXml:78 - Set database path to: C:\ST\STM32CubeIDE_1.12.0\STM32CubeIDE\plugins\com.st.stm32cube.common.mx_6.8.1.202304191431\\db\/mcu/
2023-06-01 09:37:07,201 [INFO] ApiDb:274 - Set plugin database path to: C:\ST\STM32CubeIDE_1.12.0\STM32CubeIDE\plugins\com.st.stm32cube.common.mx_6.8.1.202304191431\\db\/plugins/boardmanager/
2023-06-01 09:37:07,202 [INFO] ApiDb:261 - Set plugin images path to: C:\ST\STM32CubeIDE_1.12.0\STM32CubeIDE\plugins\com.st.stm32cube.common.mx_6.8.1.202304191431\\db\/plugins/mcufinder/images/
2023-06-01 09:37:07,202 [WARN] DbFile:41 - Overriding database path with different value: C:\Users\Admin\.stmcufinder\plugins\mcufinder/ => C:\Users\Admin\.stmcufinder\plugins\mcufinder
2023-06-01 09:37:07,202 [INFO] ApiDb:250 - Set database path to: C:\Users\Admin\.stmcufinder\plugins\mcufinder//mcu/
2023-06-01 09:37:07,202 [WARN] DbFile:41 - Overriding database path with different value: C:\Users\Admin\.stmcufinder\plugins\mcufinder/ => C:\Users\Admin\.stmcufinder\plugins\mcufinder
2023-06-01 09:37:07,204 [INFO] DbMcusAds:125 - Set database path to: C:\Users\Admin\.stmcufinder\plugins\mcufinder//mcu/
2023-06-01 09:37:07,204 [WARN] DbFile:41 - Overriding database path with different value: C:\Users\Admin\.stmcufinder\plugins\mcufinder/ => C:\Users\Admin\.stmcufinder\plugins\mcufinder
2023-06-01 09:37:07,204 [WARN] DbFile:41 - Overriding database path with different value: C:\Users\Admin\.stmcufinder\plugins\mcufinder/ => C:\Users\Admin\.stmcufinder\plugins\mcufinder
2023-06-01 09:37:07,858 [INFO] CrossReferenceDbSqlite:203 - Set database path to: C:\Users\Admin\.stmcufinder\plugins\mcufinder//mcu/cs/
2023-06-01 09:37:08,005 [INFO] MainPanel:253 - HeapMemory: 268435456
2023-06-01 09:37:08,160 [INFO] DbMcusXml:78 - Set database path to: C:\ST\STM32CubeIDE_1.12.0\STM32CubeIDE\plugins\com.st.stm32cube.common.mx_6.8.1.202304191431\\db\/mcu/
2023-06-01 09:37:08,162 [INFO] ApiDb:274 - Set plugin database path to: C:\ST\STM32CubeIDE_1.12.0\STM32CubeIDE\plugins\com.st.stm32cube.common.mx_6.8.1.202304191431\\db\/plugins/boardmanager/
2023-06-01 09:37:08,162 [INFO] ApiDb:261 - Set plugin images path to: C:\ST\STM32CubeIDE_1.12.0\STM32CubeIDE\plugins\com.st.stm32cube.common.mx_6.8.1.202304191431\\db\/plugins/mcufinder/images/
2023-06-01 09:37:08,163 [WARN] DbFile:41 - Overriding database path with different value: C:\Users\Admin\.stmcufinder\plugins\mcufinder/ => C:\Users\Admin\.stmcufinder\plugins\mcufinder
2023-06-01 09:37:08,163 [INFO] ApiDb:250 - Set database path to: C:\Users\Admin\.stmcufinder\plugins\mcufinder//mcu/
2023-06-01 09:37:08,163 [WARN] DbFile:41 - Overriding database path with different value: C:\Users\Admin\.stmcufinder\plugins\mcufinder/ => C:\Users\Admin\.stmcufinder\plugins\mcufinder
2023-06-01 09:37:08,163 [INFO] DbMcusAds:125 - Set database path to: C:\Users\Admin\.stmcufinder\plugins\mcufinder//mcu/
2023-06-01 09:37:08,163 [WARN] DbFile:41 - Overriding database path with different value: C:\Users\Admin\.stmcufinder\plugins\mcufinder/ => C:\Users\Admin\.stmcufinder\plugins\mcufinder
2023-06-01 09:37:08,163 [WARN] DbFile:41 - Overriding database path with different value: C:\Users\Admin\.stmcufinder\plugins\mcufinder/ => C:\Users\Admin\.stmcufinder\plugins\mcufinder
2023-06-01 09:37:08,851 [INFO] CrossReferenceDbSqlite:203 - Set database path to: C:\Users\Admin\.stmcufinder\plugins\mcufinder//mcu/cs/
2023-06-01 09:37:08,900 [INFO] ApplicationProperties:184 - Using Application install path: C:\ST\STM32CubeIDE_1.12.0\STM32CubeIDE\plugins\com.st.stm32cube.common.mx_6.8.1.202304191431
2023-06-01 09:37:08,900 [INFO] PluginManage:196 - Search for loadable plugins [exclusion list=, ]
2023-06-01 09:37:08,911 [INFO] PluginManage:310 - Check plugin analytics
2023-06-01 09:37:09,977 [INFO] AnalyticsPlugin:253 - Accepted Software Licenses: STM32CubeMX.6.8.0,STM32CubeMX.6.8.1
2023-06-01 09:37:09,977 [INFO] AnalyticsPlugin:255 - Accepted CMSIS Pack Licenses: 
2023-06-01 09:37:09,978 [INFO] AnalyticsPlugin:257 - Accepted Firmware Licenses: FW.F4.1.27.0
2023-06-01 09:37:09,995 [INFO] PluginManage:359 - Loaded plugin analytics (category:tool,tabindex:-1)
2023-06-01 09:37:09,996 [INFO] PluginManage:310 - Check plugin cadmodel
2023-06-01 09:37:10,003 [INFO] CADModel:105 - Init CAD model plugin
2023-06-01 09:37:10,003 [INFO] PluginManage:359 - Loaded plugin cadmodel (category:power,tabindex:5)
2023-06-01 09:37:10,003 [INFO] PluginManage:310 - Check plugin clock
2023-06-01 09:37:10,017 [INFO] PluginManage:359 - Loaded plugin clock (category:base,tabindex:2)
2023-06-01 09:37:10,017 [INFO] PluginManage:310 - Check plugin ddr
2023-06-01 09:37:10,023 [INFO] PluginManage:359 - Loaded plugin ddr (category:tool,tabindex:6)
2023-06-01 09:37:10,024 [INFO] PluginManage:310 - Check plugin filemanager
2023-06-01 09:37:10,292 [INFO] PluginManage:359 - Loaded plugin filemanager (category:base,tabindex:10)
2023-06-01 09:37:10,292 [INFO] PluginManage:310 - Check plugin ipmanager
2023-06-01 09:37:10,310 [INFO] PluginManage:359 - Loaded plugin ipmanager (category:base,tabindex:5)
2023-06-01 09:37:10,310 [INFO] PluginManage:310 - Check plugin lpbam
2023-06-01 09:37:10,330 [INFO] PluginManage:359 - Loaded plugin lpbam (category:base,tabindex:0)
2023-06-01 09:37:10,330 [INFO] PluginManage:310 - Check plugin pinoutandconfiguration
2023-06-01 09:37:10,346 [INFO] PluginManage:359 - Loaded plugin pinoutandconfiguration (category:base,tabindex:1)
2023-06-01 09:37:10,347 [INFO] PluginManage:310 - Check plugin pinoutconfig
2023-06-01 09:37:10,458 [WARN] SupportedApi:132 - Cannot load RTOS API schema: s4s-elt-must-match.1: The content of 'definitions' must match (annotation?, (simpleType | complexType)?, (unique | key | keyref)*)). A problem was found starting at: attribute.
2023-06-01 09:37:10,700 [INFO] PluginManage:359 - Loaded plugin pinoutconfig (category:base,tabindex:0)
2023-06-01 09:37:10,700 [INFO] PluginManage:310 - Check plugin power
2023-06-01 09:37:10,718 [INFO] PluginManage:359 - Loaded plugin power (category:power,tabindex:4)
2023-06-01 09:37:10,718 [INFO] PluginManage:310 - Check plugin projectmanager
2023-06-01 09:37:10,755 [INFO] PluginManage:359 - Loaded plugin projectmanager (category:projectmanager,tabindex:3)
2023-06-01 09:37:10,756 [INFO] PluginManage:310 - Check plugin thirdparty
2023-06-01 09:37:10,953 [WARN] IntegrityCheckThread:84 - waiting for thirdparty lock release [integrity check]
2023-06-01 09:37:10,954 [INFO] PluginManage:359 - Loaded plugin thirdparty (category:base,tabindex:-1)
2023-06-01 09:37:10,954 [INFO] IntegrityCheckThread:86 - entering critical section [integrity check]
2023-06-01 09:37:10,954 [INFO] PluginManage:310 - Check plugin tools
2023-06-01 09:37:10,957 [INFO] PluginManage:359 - Loaded plugin tools (category:base,tabindex:7)
2023-06-01 09:37:10,957 [INFO] ThirdPartyUpdaterWithRetryManager:70 - Updater plugin not ready yet. [1/15]
2023-06-01 09:37:10,957 [INFO] PluginManage:310 - Check plugin tutovideos
2023-06-01 09:37:11,316 [INFO] PluginManage:359 - Loaded plugin tutovideos (category:base,tabindex:-1)
2023-06-01 09:37:11,316 [INFO] PluginManage:310 - Check plugin updater
2023-06-01 09:37:11,345 [INFO] PluginManage:359 - Loaded plugin updater (category:base,tabindex:12)
2023-06-01 09:37:11,346 [INFO] PluginManage:283 - PluginManage : Loaded plugins [15]
2023-06-01 09:37:11,778 [INFO] PinOutPanel:1499 - setPackage(No Configuration,No Configuration)
2023-06-01 09:37:11,885 [INFO] CADModel:165 - CPN selected for project level
2023-06-01 09:37:11,885 [INFO] CADModel:114 - Register for checkConnection events
2023-06-01 09:37:11,919 [INFO] IPUIPlugin:80 - create IPUIPlugin
2023-06-01 09:37:11,919 [INFO] PluginManager:220 - loadIPPluginJar : add adc
2023-06-01 09:37:11,924 [INFO] IPUIPlugin:80 - create IPUIPlugin
2023-06-01 09:37:11,924 [INFO] PluginManager:220 - loadIPPluginJar : add aes
2023-06-01 09:37:11,933 [INFO] IPUIPlugin:80 - create IPUIPlugin
2023-06-01 09:37:11,933 [INFO] PluginManager:220 - loadIPPluginJar : add can
2023-06-01 09:37:11,933 [INFO] IPUIPlugin:80 - create IPUIPlugin
2023-06-01 09:37:11,933 [INFO] PluginManager:220 - loadIPPluginJar : add comp
2023-06-01 09:37:11,940 [INFO] IPUIPlugin:80 - create IPUIPlugin
2023-06-01 09:37:11,940 [INFO] PluginManager:220 - loadIPPluginJar : add cryp
2023-06-01 09:37:11,940 [INFO] IPUIPlugin:80 - create IPUIPlugin
2023-06-01 09:37:11,940 [INFO] PluginManager:220 - loadIPPluginJar : add dfsdm
2023-06-01 09:37:11,954 [INFO] IPUIPlugin:80 - create IPUIPlugin
2023-06-01 09:37:11,954 [INFO] PluginManager:220 - loadIPPluginJar : add dma
2023-06-01 09:37:11,957 [INFO] IPUIPlugin:80 - create IPUIPlugin
2023-06-01 09:37:11,957 [INFO] PluginManager:220 - loadIPPluginJar : add dma3
2023-06-01 09:37:11,957 [INFO] IPUIPlugin:80 - create IPUIPlugin
2023-06-01 09:37:11,957 [INFO] PluginManager:220 - loadIPPluginJar : add fatfs
2023-06-01 09:37:11,965 [INFO] IPUIPlugin:80 - create IPUIPlugin
2023-06-01 09:37:11,965 [INFO] PluginManager:220 - loadIPPluginJar : add fmc
2023-06-01 09:37:11,976 [INFO] IPUIPlugin:80 - create IPUIPlugin
2023-06-01 09:37:11,976 [INFO] PluginManager:220 - loadIPPluginJar : add freertos
2023-06-01 09:37:11,976 [INFO] IPUIPlugin:80 - create IPUIPlugin
2023-06-01 09:37:11,981 [INFO] PluginManager:220 - loadIPPluginJar : add genericplugin
2023-06-01 09:37:11,983 [INFO] IPUIPlugin:80 - create IPUIPlugin
2023-06-01 09:37:11,984 [INFO] PluginManager:220 - loadIPPluginJar : add gfxmmu
2023-06-01 09:37:11,992 [INFO] IPUIPlugin:80 - create IPUIPlugin
2023-06-01 09:37:11,992 [INFO] PluginManager:220 - loadIPPluginJar : add gic
2023-06-01 09:37:11,994 [INFO] IPUIPlugin:80 - create IPUIPlugin
2023-06-01 09:37:11,994 [INFO] PluginManager:220 - loadIPPluginJar : add gpio
2023-06-01 09:37:12,004 [INFO] IPUIPlugin:80 - create IPUIPlugin
2023-06-01 09:37:12,004 [INFO] PluginManager:220 - loadIPPluginJar : add gtzc
2023-06-01 09:37:12,010 [INFO] IPUIPlugin:80 - create IPUIPlugin
2023-06-01 09:37:12,011 [INFO] PluginManager:220 - loadIPPluginJar : add hash
2023-06-01 09:37:12,015 [INFO] IPUIPlugin:80 - create IPUIPlugin
2023-06-01 09:37:12,015 [INFO] PluginManager:220 - loadIPPluginJar : add i2c
2023-06-01 09:37:12,017 [INFO] IPUIPlugin:80 - create IPUIPlugin
2023-06-01 09:37:12,017 [INFO] PluginManager:220 - loadIPPluginJar : add i2s
2023-06-01 09:37:12,025 [INFO] IPUIPlugin:80 - create IPUIPlugin
2023-06-01 09:37:12,025 [INFO] PluginManager:220 - loadIPPluginJar : add i3c
2023-06-01 09:37:12,029 [INFO] IPUIPlugin:80 - create IPUIPlugin
2023-06-01 09:37:12,029 [INFO] PluginManager:220 - loadIPPluginJar : add ipddr
2023-06-01 09:37:12,040 [INFO] IPUIPlugin:80 - create IPUIPlugin
2023-06-01 09:37:12,042 [INFO] PluginManager:220 - loadIPPluginJar : add linkedlist
2023-06-01 09:37:12,043 [INFO] IPUIPlugin:80 - create IPUIPlugin
2023-06-01 09:37:12,043 [INFO] PluginManager:220 - loadIPPluginJar : add lorawan
2023-06-01 09:37:12,048 [INFO] IPUIPlugin:80 - create IPUIPlugin
2023-06-01 09:37:12,048 [INFO] PluginManager:220 - loadIPPluginJar : add ltdc
2023-06-01 09:37:12,058 [INFO] IPUIPlugin:80 - create IPUIPlugin
2023-06-01 09:37:12,058 [INFO] PluginManager:220 - loadIPPluginJar : add mdma
2023-06-01 09:37:12,059 [INFO] IPUIPlugin:80 - create IPUIPlugin
2023-06-01 09:37:12,059 [INFO] PluginManager:220 - loadIPPluginJar : add nvic
2023-06-01 09:37:12,067 [INFO] IPUIPlugin:80 - create IPUIPlugin
2023-06-01 09:37:12,068 [INFO] PluginManager:220 - loadIPPluginJar : add opamp
2023-06-01 09:37:12,073 [INFO] IPUIPlugin:80 - create IPUIPlugin
2023-06-01 09:37:12,073 [INFO] PluginManager:220 - loadIPPluginJar : add openamp
2023-06-01 09:37:12,079 [INFO] IPUIPlugin:80 - create IPUIPlugin
2023-06-01 09:37:12,080 [INFO] PluginManager:220 - loadIPPluginJar : add pdm2pcm
2023-06-01 09:37:12,089 [INFO] IPUIPlugin:80 - create IPUIPlugin
2023-06-01 09:37:12,092 [INFO] PluginManager:220 - loadIPPluginJar : add plateformsettings
2023-06-01 09:37:12,092 [INFO] IPUIPlugin:80 - create IPUIPlugin
2023-06-01 09:37:12,092 [INFO] PluginManager:220 - loadIPPluginJar : add quadspi
2023-06-01 09:37:12,102 [INFO] IPUIPlugin:80 - create IPUIPlugin
2023-06-01 09:37:12,102 [INFO] PluginManager:220 - loadIPPluginJar : add resmgrutility
2023-06-01 09:37:12,108 [INFO] IPUIPlugin:80 - create IPUIPlugin
2023-06-01 09:37:12,108 [INFO] PluginManager:220 - loadIPPluginJar : add sai
2023-06-01 09:37:12,108 [INFO] IPUIPlugin:80 - create IPUIPlugin
2023-06-01 09:37:12,108 [INFO] PluginManager:220 - loadIPPluginJar : add spi
2023-06-01 09:37:12,117 [INFO] IPUIPlugin:80 - create IPUIPlugin
2023-06-01 09:37:12,117 [INFO] PluginManager:220 - loadIPPluginJar : add stm32_wpan
2023-06-01 09:37:12,124 [INFO] IPUIPlugin:80 - create IPUIPlugin
2023-06-01 09:37:12,124 [INFO] PluginManager:220 - loadIPPluginJar : add tim
2023-06-01 09:37:12,127 [INFO] IPUIPlugin:80 - create IPUIPlugin
2023-06-01 09:37:12,127 [INFO] PluginManager:220 - loadIPPluginJar : add touchsensing
2023-06-01 09:37:12,131 [INFO] IPUIPlugin:80 - create IPUIPlugin
2023-06-01 09:37:12,131 [INFO] PluginManager:220 - loadIPPluginJar : add tracer_emb
2023-06-01 09:37:12,131 [INFO] IPUIPlugin:80 - create IPUIPlugin
2023-06-01 09:37:12,131 [INFO] PluginManager:220 - loadIPPluginJar : add ts
2023-06-01 09:37:12,131 [INFO] IPUIPlugin:80 - create IPUIPlugin
2023-06-01 09:37:12,131 [INFO] PluginManager:220 - loadIPPluginJar : add tsc
2023-06-01 09:37:12,139 [INFO] IPUIPlugin:80 - create IPUIPlugin
2023-06-01 09:37:12,139 [INFO] PluginManager:220 - loadIPPluginJar : add ucpd
2023-06-01 09:37:12,141 [INFO] IPUIPlugin:80 - create IPUIPlugin
2023-06-01 09:37:12,141 [INFO] PluginManager:220 - loadIPPluginJar : add usart
2023-06-01 09:37:12,141 [INFO] IPUIPlugin:80 - create IPUIPlugin
2023-06-01 09:37:12,141 [INFO] PluginManager:220 - loadIPPluginJar : add usbx
2023-06-01 09:37:12,342 [INFO] CADModel:165 - CPN selected for project level
2023-06-01 09:37:12,342 [INFO] CADModel:114 - Register for checkConnection events
2023-06-01 09:37:12,342 [FATAL] Updater:308 - Updater called before beeing initialized
2023-06-01 09:37:12,342 [ERROR] CADModel:125 - Updater not yet initialized, retry later 
2023-06-01 09:37:12,623 [INFO] CADModel:165 - CPN selected for project level
2023-06-01 09:37:12,623 [INFO] CADModel:114 - Register for checkConnection events
2023-06-01 09:37:12,624 [FATAL] Updater:308 - Updater called before beeing initialized
2023-06-01 09:37:12,624 [ERROR] CADModel:125 - Updater not yet initialized, retry later 
2023-06-01 09:37:12,627 [FATAL] Updater:308 - Updater called before beeing initialized
2023-06-01 09:37:12,858 [FATAL] Updater:308 - Updater called before beeing initialized
2023-06-01 09:37:12,870 [INFO] DbMcusAds:53 - JSON generation date=Tue Mar 07 15:50:55 ICT 2023 (1678179055335)
2023-06-01 09:37:12,870 [FATAL] Updater:308 - Updater called before beeing initialized
2023-06-01 09:37:13,031 [WARN] DetailPanel:346 - Failed to get advertising image, set to default
2023-06-01 09:37:13,351 [FATAL] Updater:308 - Updater called before beeing initialized
2023-06-01 09:37:13,357 [FATAL] Updater:308 - Updater called before beeing initialized
2023-06-01 09:37:13,357 [FATAL] Updater:308 - Updater called before beeing initialized
2023-06-01 09:37:13,357 [WARN] DetailPanel:346 - Failed to get advertising image, set to default
2023-06-01 09:37:13,360 [FATAL] Updater:308 - Updater called before beeing initialized
2023-06-01 09:37:13,462 [ERROR] Updater:1120 - MainUpdater not yet initialized. External WinMGr cannot be set.
2023-06-01 09:37:13,465 [INFO] Updater:1056 - Updater Version found : 6.8.1
2023-06-01 09:37:13,495 [INFO] ApplicationProperties:184 - Using Application install path: C:\ST\STM32CubeIDE_1.12.0\STM32CubeIDE\plugins\com.st.stm32cube.common.mx_6.8.1.202304191431
2023-06-01 09:37:13,809 [INFO] MainUpdater:2854 - connection check result : 10
2023-06-01 09:37:13,810 [INFO] MainUpdater:283 - Updater Check For Update Now.
2023-06-01 09:37:13,811 [INFO] MicroXplorer:498 - Change Database Version : DB.6.0.81
2023-06-01 09:37:13,963 [WARN] MainUpdater:1187 - Updater busy. Cannot search thirdparties
2023-06-01 09:37:13,963 [INFO] ThirdPartyUpdaterWithRetryManager:96 - Updater plugin is busy. [1/15]
2023-06-01 09:37:14,044 [INFO] CheckServerUpdateThread:120 - End of CheckServer Thread
2023-06-01 09:37:14,250 [INFO] MainUpdater:2854 - connection check result : 10
2023-06-01 09:37:14,883 [INFO] ApiDb:581 - Connected to CubeFinder SQLite database (C:\Users\Admin\.stmcufinder\plugins\mcufinder\mcu\cube-finder-db.db)
2023-06-01 09:37:15,004 [INFO] ApiDb:668 - CubeFinder database Data Model version=2.1
2023-06-01 09:37:15,004 [INFO] ApiDb:669 - CubeFinder database Configuration version=3.0.35
2023-06-01 09:37:15,005 [INFO] ApiDb:670 - CubeFinder database generation date=2023-05-12 (1683877179)
2023-06-01 09:37:15,005 [INFO] ApiDb:671 - CubeFinder database FW Pack versions=[FP-ATR-ASTRA1_V2.0.0, FP-SNS-FLIGHT1_V5.0.0, FP-SNS-MOTENV1_V4.3.0, STM32Cube_FW_C0_V1.0.1, STM32Cube_FW_F0_V1.11.4, STM32Cube_FW_F3_V1.11.4, STM32Cube_FW_F4_V1.27.1, STM32Cube_FW_F7_V1.17.0, STM32Cube_FW_G0_V1.6.1, STM32Cube_FW_G4_V1.5.1, STM32Cube_FW_H5_V0.5.1, STM32Cube_FW_H5_V1.0.0, STM32Cube_FW_H7_V1.11.0, STM32Cube_FW_L0_V1.12.2, STM32Cube_FW_L5_V1.5.0, STM32Cube_FW_U5_V1.2.0, STM32Cube_FW_WBA_V1.0.0, STM32Cube_FW_WBA_V1.0.0RC1, STM32Cube_FW_WBA_V1.0.0RC3, STM32Cube_FW_WB_V1.15.0RC1, STM32Cube_FW_WB_V1.16.0, STM32Cube_FW_WB_V1.16.0RC2, STM32Cube_FW_WL_V1.3.0, X-CUBE-ALGOBUILD_V1.3.0, X-CUBE-ALS_V1.0.1, X-CUBE-AZRTOS-F4_V1.1.0, X-CUBE-AZRTOS-F7_V1.1.0, X-CUBE-AZRTOS-G0_V1.1.0, X-CUBE-AZRTOS-G4_V2.0.0, X-CUBE-AZRTOS-H7_V3.1.0, X-CUBE-AZRTOS-L4_V1.0.0, X-CUBE-AZRTOS-L5_V1.1.0, X-CUBE-AZRTOS-WB_V1.1.0, X-CUBE-AZRTOS-WL_V1.0.0, X-CUBE-BLE1_V6.2.4, X-CUBE-BLE2_V3.3.0, X-CUBE-BLEMGR_V2.0.0, X-CUBE-EEPRMA1_V4.1.0, X-CUBE-FREERTOS_V1.0.1, X-CUBE-GNSS1_V6.0.0, X-CUBE-MEMS1_V9.1.0, X-CUBE-MEMS1_V9.4.0, X-CUBE-MEMS1_V9.6.0, X-CUBE-NFC4_V3.0.0, X-CUBE-NFC7_V1.0.0, X-CUBE-SFXS2LP1_V4.0.0, X-CUBE-SUBG2_V5.0.0]
2023-06-01 09:37:15,173 [INFO] DbBoardsSqlite:226 - include board P-NUCLEO-WB55-NUCLEO as a kit item of type 'Nucleo-64'
2023-06-01 09:37:15,173 [INFO] DbBoardsSqlite:226 - include board P-NUCLEO-WB55-USBDONGLE as a kit item of type 'Nucleo USB Dongle'
2023-06-01 09:37:15,173 [INFO] DbBoardsSqlite:226 - include board STEVAL-IDP005V1 as a kit item of type 'Evaluation Board'
2023-06-01 09:37:15,173 [INFO] DbBoardsSqlite:226 - include board STEVAL-IDP005V2 as a kit item of type 'Evaluation Board'
2023-06-01 09:37:15,292 [INFO] ApiDb:240 - Found 297 in-development CPN: [B-G473E-ZEST1S, B-WB1M-WPAN1, B-WL5M-SUBG1, NUCLEO-C031C6, NUCLEO-H503RB, NUCLEO-H563ZI, NUCLEO-U545RE-Q, NUCLEO-U5A5ZJ-Q, NUCLEO-WBA52CG, STEVAL-PROTEUS1, STEVAL-STWINBX1, STM320518-EVAL, STM32C0116-DK, STM32C011D6Y3TR, STM32C011D6Y6TR, STM32C011F4P3, STM32C011F4P6, STM32C011F4U3, STM32C011F4U6TR, STM32C011F6P3, STM32C011F6P6, STM32C011F6U3, STM32C011F6U6TR, STM32C011J4M3, STM32C011J4M6, STM32C011J6M3, STM32C011J6M6, STM32C0316-DK, STM32C031C4T3, STM32C031C4T6, STM32C031C4U3, STM32C031C4U6, STM32C031C6T3, STM32C031C6T6, STM32C031C6U3, STM32C031C6U6, STM32C031F4P3, STM32C031F4P6, STM32C031F6P3, STM32C031F6P6, STM32C031G4U3, STM32C031G4U6, STM32C031G6U3, STM32C031G6U6, STM32C031K4T3, STM32C031K4T6, STM32C031K4U3, STM32C031K4U6, STM32C031K6T3, STM32C031K6T6, STM32C031K6U3, STM32C031K6U6, STM32G071K8TXN, STM32G071K8UXN, STM32G081GBU6N, STM32G081KBT6N, STM32G081KBUXN, STM32G0B1CCT6N, STM32G0B1KCT6, STM32G0B1NEY6TR, STM32G0B1RCT6N, STM32G0C1CCT6, STM32G0C1CCT6N, STM32G0C1CCU6N, STM32G0C1CET6N, STM32G0C1CEU6N, STM32G0C1KCT6, STM32G0C1NEY6TR, STM32G0C1RCI6N, STM32G0C1RCT6N, STM32G0C1REI6N, STM32G0C1RET6N, STM32G0C1VCI6, STM32G0C1VEI6, STM32G471CCT6, STM32G471CCU6, STM32G471CET3, STM32G471CET6, STM32G471CEU3, STM32G471CEU6, STM32G471MCT6, STM32G471MET3, STM32G471MET6, STM32G471MEY6TR, STM32G471QCT6, STM32G471QET3, STM32G471RCT6, STM32G471RET3, STM32G471RET6, STM32G471VCH6, STM32G471VCI6, STM32G471VCT6, STM32G471VEH3, STM32G471VEH6, STM32G471VEI3, STM32G471VEI6, STM32G471VET3, STM32G471VET6, STM32G474CCT6, STM32H503CBT6, STM32H503CBU6, STM32H503EBY6TR, STM32H503KBU6, STM32H503RBT6, STM32H562AGI6, STM32H562AII6, STM32H562IGK6, STM32H562IGT6, STM32H562IIK6, STM32H562IIT6, STM32H562RGT6, STM32H562RGV6, STM32H562RIT6, STM32H562RIV6, STM32H562VGT6, STM32H562VIT6, STM32H562ZGT6, STM32H562ZIT6, STM32H563AGI6, STM32H563AII3Q, STM32H563AII6, STM32H563IGK6, STM32H563IGT6, STM32H563IIK3Q, STM32H563IIK6, STM32H563IIT3Q, STM32H563IIT6, STM32H563MIY3QTR, STM32H563RGT6, STM32H563RGV6, STM32H563RIT6, STM32H563RIV6, STM32H563VGT6, STM32H563VIT3Q, STM32H563VIT6, STM32H563ZGT6, STM32H563ZIT3Q, STM32H563ZIT6, STM32H573AII3Q, STM32H573AII6, STM32H573I-DK, STM32H573IIK3Q, STM32H573IIK6, STM32H573IIT3Q, STM32H573IIT6, STM32H573MIY3QTR, STM32H573RIT6, STM32H573RIV6, STM32H573VIT3Q, STM32H573VIT6, STM32H573ZIT3Q, STM32H573ZIT6, STM32L4R5QGI6STR, STM32MP131AAE3, STM32MP131AAF3, STM32MP131AAG3, STM32MP131CAE3, STM32MP131CAF3, STM32MP131CAG3, STM32MP131DAE7, STM32MP131DAF7, STM32MP131DAG7, STM32MP131FAE7, STM32MP131FAF7, STM32MP131FAG7, STM32MP133AAE3, STM32MP133AAF3, STM32MP133AAG3, STM32MP133CAE3, STM32MP133CAF3, STM32MP133CAG3, STM32MP133DAE7, STM32MP133DAF7, STM32MP133DAG7, STM32MP133FAE7, STM32MP133FAF7, STM32MP133FAG7, STM32MP135AAE3, STM32MP135AAF3, STM32MP135AAG3, STM32MP135CAE3, STM32MP135CAF3, STM32MP135CAG3, STM32MP135DAE7, STM32MP135DAF7, STM32MP135DAG7, STM32MP135F-DK, STM32MP135FAE7, STM32MP135FAF7, STM32MP135FAF7T, STM32MP135FAF7U, STM32MP135FAG7, STM32U535CBT6, STM32U535CBT6Q, STM32U535CBU6, STM32U535CBU6Q, STM32U535CCT6, STM32U535CCT6Q, STM32U535CCU6, STM32U535CCU6Q, STM32U535CET6, STM32U535CET6Q, STM32U535CEU6, STM32U535CEU6Q, STM32U535JEY6QTR, STM32U535NCY6QTR, STM32U535NEY6QTR, STM32U535RBI6, STM32U535RBI6Q, STM32U535RBT6, STM32U535RBT6Q, STM32U535RCI6, STM32U535RCI6Q, STM32U535RCT6, STM32U535RCT6Q, STM32U535REI6, STM32U535REI6Q, STM32U535RET6, STM32U535RET6Q, STM32U535VCI6, STM32U535VCI6Q, STM32U535VCT6, STM32U535VCT6Q, STM32U535VEI6, STM32U535VEI6Q, STM32U535VET6, STM32U535VET6Q, STM32U545CET6, STM32U545CET6Q, STM32U545CEU6, STM32U545CEU6Q, STM32U545JEY6QTR, STM32U545NEY6QTR, STM32U545REI6, STM32U545REI6Q, STM32U545RET6, STM32U545RET6Q, STM32U545VEI6, STM32U545VEI6Q, STM32U545VET6, STM32U545VET6Q, STM32U595AIH6, STM32U595AIH6Q, STM32U595AJH6, STM32U595AJH6Q, STM32U595QII6, STM32U595QII6Q, STM32U595QJI6, STM32U595QJI6Q, STM32U595RIT6, STM32U595RIT6Q, STM32U595RJT6, STM32U595RJT6Q, STM32U595VIT6, STM32U595VIT6Q, STM32U595VJT6, STM32U595VJT6Q, STM32U595ZIT6, STM32U595ZIT6Q, STM32U595ZIY6QTR, STM32U595ZJT6, STM32U595ZJT6Q, STM32U595ZJY6QTR, STM32U599BJY6QTR, STM32U599NIH6Q, STM32U599NJH6Q, STM32U599VIT6Q, STM32U599VJT6, STM32U599VJT6Q, STM32U599ZIT6Q, STM32U599ZIY6QTR, STM32U599ZJT6Q, STM32U599ZJY6QTR, STM32U5A5AJH6, STM32U5A5AJH6Q, STM32U5A5QJI6, STM32U5A5QJI6Q, STM32U5A5RJT6, STM32U5A5RJT6Q, STM32U5A5VJT6, STM32U5A5VJT6Q, STM32U5A5ZJT6, STM32U5A5ZJT6Q, STM32U5A5ZJY6QTR, STM32U5A9BJY6QTR, STM32U5A9J-DK, STM32U5A9NJH6Q, STM32U5A9VJT6Q, STM32U5A9ZJT6Q, STM32U5A9ZJY6QTR, STM32WB1MMCH6, STM32WBA52CEU6, STM32WBA52CEU6T, STM32WBA52CGU6, STM32WBA52CGU6T, STM32WL5MOCH6, STM32WL5MOCH6TR]
2023-06-01 09:37:15,581 [INFO] BoardInfo:880 - No configuration file found for board P-NUCLEO-WB55
2023-06-01 09:37:15,581 [INFO] DbBoards:157 - Kit is not supported: P-NUCLEO-WB55
2023-06-01 09:37:15,592 [INFO] BoardInfo:880 - No configuration file found for board STEVAL-BFA001V1B
2023-06-01 09:37:15,592 [INFO] DbBoards:157 - Kit is not supported: STEVAL-BFA001V1B
2023-06-01 09:37:15,592 [INFO] BoardInfo:880 - No configuration file found for board STEVAL-BFA001V2B
2023-06-01 09:37:15,592 [INFO] DbBoards:157 - Kit is not supported: STEVAL-BFA001V2B
2023-06-01 09:37:15,883 [INFO] DbBoards:161 - Found 187 boards, 184 are supported
2023-06-01 09:37:15,892 [INFO] ApiDb:668 - CubeFinder database Data Model version=2.1
2023-06-01 09:37:15,892 [INFO] ApiDb:669 - CubeFinder database Configuration version=3.0.35
2023-06-01 09:37:15,892 [INFO] ApiDb:670 - CubeFinder database generation date=2023-05-12 (1683877179)
2023-06-01 09:37:15,892 [INFO] ApiDb:671 - CubeFinder database FW Pack versions=[FP-ATR-ASTRA1_V2.0.0, FP-SNS-FLIGHT1_V5.0.0, FP-SNS-MOTENV1_V4.3.0, STM32Cube_FW_C0_V1.0.1, STM32Cube_FW_F0_V1.11.4, STM32Cube_FW_F3_V1.11.4, STM32Cube_FW_F4_V1.27.1, STM32Cube_FW_F7_V1.17.0, STM32Cube_FW_G0_V1.6.1, STM32Cube_FW_G4_V1.5.1, STM32Cube_FW_H5_V0.5.1, STM32Cube_FW_H5_V1.0.0, STM32Cube_FW_H7_V1.11.0, STM32Cube_FW_L0_V1.12.2, STM32Cube_FW_L5_V1.5.0, STM32Cube_FW_U5_V1.2.0, STM32Cube_FW_WBA_V1.0.0, STM32Cube_FW_WBA_V1.0.0RC1, STM32Cube_FW_WBA_V1.0.0RC3, STM32Cube_FW_WB_V1.15.0RC1, STM32Cube_FW_WB_V1.16.0, STM32Cube_FW_WB_V1.16.0RC2, STM32Cube_FW_WL_V1.3.0, X-CUBE-ALGOBUILD_V1.3.0, X-CUBE-ALS_V1.0.1, X-CUBE-AZRTOS-F4_V1.1.0, X-CUBE-AZRTOS-F7_V1.1.0, X-CUBE-AZRTOS-G0_V1.1.0, X-CUBE-AZRTOS-G4_V2.0.0, X-CUBE-AZRTOS-H7_V3.1.0, X-CUBE-AZRTOS-L4_V1.0.0, X-CUBE-AZRTOS-L5_V1.1.0, X-CUBE-AZRTOS-WB_V1.1.0, X-CUBE-AZRTOS-WL_V1.0.0, X-CUBE-BLE1_V6.2.4, X-CUBE-BLE2_V3.3.0, X-CUBE-BLEMGR_V2.0.0, X-CUBE-EEPRMA1_V4.1.0, X-CUBE-FREERTOS_V1.0.1, X-CUBE-GNSS1_V6.0.0, X-CUBE-MEMS1_V9.1.0, X-CUBE-MEMS1_V9.4.0, X-CUBE-MEMS1_V9.6.0, X-CUBE-NFC4_V3.0.0, X-CUBE-NFC7_V1.0.0, X-CUBE-SFXS2LP1_V4.0.0, X-CUBE-SUBG2_V5.0.0]
2023-06-01 09:37:17,206 [WARN] PackLoader:240 - Cannot read IP mode file for STMicroelectronics.X-CUBE-GNSS1.6.0.0
2023-06-01 09:37:17,278 [WARN] PackLoader:240 - Cannot read IP mode file for STMicroelectronics.X-CUBE-AZRTOS-F4.1.1.0
2023-06-01 09:37:17,305 [WARN] PackLoader:240 - Cannot read IP mode file for STMicroelectronics.X-CUBE-SMBUS.2.1.0
2023-06-01 09:37:17,315 [WARN] PackLoader:240 - Cannot read IP mode file for wolfSSL.I-CUBE-wolfSSL.5.6.0
2023-06-01 09:37:17,366 [WARN] PackLoader:240 - Cannot read IP mode file for STMicroelectronics.X-CUBE-AZRTOS-F7.1.1.0
2023-06-01 09:37:17,495 [WARN] PackLoader:240 - Cannot read IP mode file for STMicroelectronics.X-CUBE-MEMS1.9.6.0
2023-06-01 09:37:17,930 [ERROR] RealEvaluatedCondition:428 - Found unsupported composite condition: CLASS='Data Exchange' GROUP='STM32_MetaDataManager'
2023-06-01 09:37:17,930 [ERROR] RealEvaluatedCondition:428 - Found unsupported composite condition: GROUP='STM32_MetaDataManager' CLASS='Data Exchange'
2023-06-01 09:37:17,931 [WARN] PackLoader:240 - Cannot read IP mode file for STMicroelectronics.FP-SNS-MOTENV1.4.3.0
2023-06-01 09:37:17,943 [WARN] PackLoader:240 - Cannot read IP mode file for STMicroelectronics.FP-SNS-FLIGHT1.5.0.0
2023-06-01 09:37:17,951 [ERROR] RealEvaluatedCondition:428 - Found unsupported composite condition: GROUP='STM32_MetaDataManager' CLASS='Data Exchange'
2023-06-01 09:37:17,955 [ERROR] RealEvaluatedCondition:428 - Found unsupported composite condition: GROUP='STM32_MetaDataManager' CLASS='Data Exchange'
2023-06-01 09:37:17,956 [WARN] PackLoader:240 - Cannot read IP mode file for STMicroelectronics.FP-SNS-MOTENV1.4.3.1
2023-06-01 09:37:17,968 [WARN] PackLoader:240 - Cannot read IP mode file for STMicroelectronics.FP-SNS-FLIGHT1.5.0.1
2023-06-01 09:37:17,972 [WARN] PackLoader:240 - Cannot read IP mode file for STMicroelectronics.X-CUBE-BLE1.6.2.4
2023-06-01 09:37:18,005 [WARN] PackLoader:240 - Cannot read IP mode file for emotas.I-CUBE-CANOPEN.1.1.3
2023-06-01 09:37:18,024 [WARN] PackLoader:240 - Cannot read IP mode file for STMicroelectronics.X-CUBE-BLEMGR.2.0.0
2023-06-01 09:37:18,079 [WARN] ConditionMgr:438 - getConditionDescription Invalid condition id : UX DEVICE CLASS RTOS Condition cause : null
2023-06-01 09:37:18,079 [WARN] ConditionMgr:438 - getConditionDescription Invalid condition id : UX DEVICE CLASS RTOS Condition cause : null
2023-06-01 09:37:18,091 [WARN] PackLoader:240 - Cannot read IP mode file for STMicroelectronics.X-CUBE-AZRTOS-H7.3.1.0
2023-06-01 09:37:18,119 [WARN] ConditionMgr:1039 - genDependencies : Invalid condition id : UX DEVICE CLASS RTOS Condition cause : null
2023-06-01 09:37:18,119 [WARN] ConditionMgr:1039 - genDependencies : Invalid condition id : UX DEVICE CLASS RTOS Condition cause : null
2023-06-01 09:37:18,119 [WARN] ConditionMgr:1039 - genDependencies : Invalid condition id : UX DEVICE CLASS RTOS Condition cause : null
2023-06-01 09:37:18,119 [WARN] ConditionMgr:1039 - genDependencies : Invalid condition id : UX DEVICE CLASS RTOS Condition cause : null
2023-06-01 09:37:18,119 [WARN] ConditionMgr:1039 - genDependencies : Invalid condition id : UX DEVICE CLASS RTOS Condition cause : null
2023-06-01 09:37:18,144 [WARN] PackLoader:240 - Cannot read IP mode file for STMicroelectronics.X-CUBE-DISPLAY.3.0.0
2023-06-01 09:37:18,163 [WARN] PackLoader:240 - Cannot read IP mode file for STMicroelectronics.X-CUBE-NFC7.1.0.0
2023-06-01 09:37:18,178 [WARN] PackLoader:240 - Cannot read IP mode file for STMicroelectronics.X-CUBE-EEPRMA1.4.1.0
2023-06-01 09:37:18,231 [WARN] ConditionMgr:438 - getConditionDescription Invalid condition id : LAN8742 Phy interface Condition cause : null
2023-06-01 09:37:18,231 [WARN] PackLoader:240 - Cannot read IP mode file for STMicroelectronics.X-CUBE-AZRTOS-L4.2.0.0
2023-06-01 09:37:18,231 [WARN] ConditionMgr:1039 - genDependencies : Invalid condition id : LAN8742 Phy interface Condition cause : null
2023-06-01 09:37:18,239 [WARN] ConditionMgr:1039 - genDependencies : Invalid condition id : LAN8742 Phy interface Condition cause : null
2023-06-01 09:37:18,239 [WARN] ConditionMgr:1039 - genDependencies : Invalid condition id : LAN8742 Phy interface Condition cause : null
2023-06-01 09:37:18,275 [WARN] PackLoader:240 - Cannot read IP mode file for WES.I-CUBE-Cesium.1.3.0
2023-06-01 09:37:18,290 [WARN] PackLoader:240 - Cannot read IP mode file for STMicroelectronics.X-CUBE-SFXS2LP1.4.0.0
2023-06-01 09:37:18,306 [WARN] PackLoader:240 - Cannot read IP mode file for STMicroelectronics.X-CUBE-BLE2.3.3.0
2023-06-01 09:37:18,355 [WARN] PackLoader:240 - Cannot read IP mode file for STMicroelectronics.X-CUBE-AZRTOS-H7.3.0.0
2023-06-01 09:37:18,371 [WARN] PackLoader:240 - Cannot read IP mode file for STMicroelectronics.X-CUBE-ISPU.1.1.0
2023-06-01 09:37:18,390 [WARN] PackLoader:240 - Cannot read IP mode file for RoweBots.I-CUBE-UNISONRTOS.5.5.0-4
2023-06-01 09:37:18,399 [WARN] PackLoader:240 - Cannot read IP mode file for STMicroelectronics.X-CUBE-AI.8.0.0
2023-06-01 09:37:18,408 [WARN] PackLoader:240 - Cannot read IP mode file for STMicroelectronics.X-CUBE-FREERTOS.1.0.0
2023-06-01 09:37:18,414 [WARN] PackLoader:240 - Cannot read IP mode file for STMicroelectronics.X-CUBE-FREERTOS.1.0.1
2023-06-01 09:37:18,424 [WARN] PackLoader:240 - Cannot read IP mode file for STMicroelectronics.X-CUBE-TOUCHGFX.4.21.3
2023-06-01 09:37:18,428 [WARN] PackLoader:240 - Cannot read IP mode file for STMicroelectronics.X-CUBE-TOUCHGFX.4.21.4
2023-06-01 09:37:18,436 [WARN] PackLoader:240 - Cannot read IP mode file for STMicroelectronics.X-CUBE-ALGOBUILD.1.3.0
2023-06-01 09:37:18,458 [WARN] PackLoader:240 - Cannot read IP mode file for STMicroelectronics.X-CUBE-AZRTOS-L5.1.1.0
2023-06-01 09:37:18,482 [WARN] PackLoader:240 - Cannot read IP mode file for STMicroelectronics.X-CUBE-AZRTOS-G0.1.1.0
2023-06-01 09:37:18,497 [WARN] PackLoader:240 - Cannot read IP mode file for STMicroelectronics.X-CUBE-AI.8.0.1
2023-06-01 09:37:18,512 [WARN] PackLoader:240 - Cannot read IP mode file for STMicroelectronics.X-CUBE-SUBG2.5.0.0
2023-06-01 09:37:18,530 [WARN] PackLoader:240 - Cannot read IP mode file for STMicroelectronics.X-CUBE-NFC4.3.0.0
2023-06-01 09:37:18,563 [WARN] PackLoader:240 - Cannot read IP mode file for STMicroelectronics.X-CUBE-AZRTOS-G4.2.0.0
2023-06-01 09:37:18,585 [WARN] PackLoader:240 - Cannot read IP mode file for STMicroelectronics.X-CUBE-TOF1.3.3.0
2023-06-01 09:37:18,629 [WARN] PackLoader:240 - Cannot read IP mode file for STMicroelectronics.FP-ATR-ASTRA1.1.1.1
2023-06-01 09:37:18,651 [WARN] PackLoader:240 - Cannot read IP mode file for STMicroelectronics.X-CUBE-AZRTOS-G4.1.0.0
2023-06-01 09:37:18,674 [WARN] PackLoader:240 - Cannot read IP mode file for STMicroelectronics.FP-ATR-SIGFOX1.3.2.0
2023-06-01 09:37:18,699 [WARN] PackLoader:240 - Cannot read IP mode file for STMicroelectronics.X-CUBE-AZRTOS-L4.1.0.0
2023-06-01 09:37:18,722 [WARN] PackLoader:240 - Cannot read IP mode file for STMicroelectronics.X-CUBE-AZRTOS-WL.1.0.0
2023-06-01 09:37:18,731 [WARN] PackLoader:240 - Cannot read IP mode file for portGmbH.I-Cube-SoM-uGOAL.1.1.0
2023-06-01 09:37:18,737 [WARN] PackLoader:240 - Cannot read IP mode file for STMicroelectronics.X-CUBE-ALS.1.0.1
2023-06-01 09:37:18,810 [WARN] PackLoader:240 - Cannot read IP mode file for STMicroelectronics.X-CUBE-MEMS1.9.5.0
2023-06-01 09:37:19,168 [WARN] PackLoader:240 - Cannot read IP mode file for STMicroelectronics.X-CUBE-AZRTOS-WB.1.1.0
2023-06-01 09:37:19,256 [WARN] PackLoader:240 - Cannot read IP mode file for SEGGER.I-CUBE-embOS.1.3.1
2023-06-01 09:37:19,384 [WARN] PackLoader:240 - Cannot read IP mode file for STMicroelectronics.FP-ATR-ASTRA1.2.0.0
2023-06-01 09:37:19,385 [INFO] ThirdParty:978 - Integrity check success = true
2023-06-01 09:37:19,385 [INFO] IntegrityCheckThread:100 - exiting critical section [integrity check]
2023-06-01 09:37:19,385 [INFO] IntegrityCheckThread:103 - End integrity checks thread
2023-06-01 09:37:20,837 [INFO] ApiDb:240 - Found 297 in-development CPN: [B-G473E-ZEST1S, B-WB1M-WPAN1, B-WL5M-SUBG1, NUCLEO-C031C6, NUCLEO-H503RB, NUCLEO-H563ZI, NUCLEO-U545RE-Q, NUCLEO-U5A5ZJ-Q, NUCLEO-WBA52CG, STEVAL-PROTEUS1, STEVAL-STWINBX1, STM320518-EVAL, STM32C0116-DK, STM32C011D6Y3TR, STM32C011D6Y6TR, STM32C011F4P3, STM32C011F4P6, STM32C011F4U3, STM32C011F4U6TR, STM32C011F6P3, STM32C011F6P6, STM32C011F6U3, STM32C011F6U6TR, STM32C011J4M3, STM32C011J4M6, STM32C011J6M3, STM32C011J6M6, STM32C0316-DK, STM32C031C4T3, STM32C031C4T6, STM32C031C4U3, STM32C031C4U6, STM32C031C6T3, STM32C031C6T6, STM32C031C6U3, STM32C031C6U6, STM32C031F4P3, STM32C031F4P6, STM32C031F6P3, STM32C031F6P6, STM32C031G4U3, STM32C031G4U6, STM32C031G6U3, STM32C031G6U6, STM32C031K4T3, STM32C031K4T6, STM32C031K4U3, STM32C031K4U6, STM32C031K6T3, STM32C031K6T6, STM32C031K6U3, STM32C031K6U6, STM32G071K8TXN, STM32G071K8UXN, STM32G081GBU6N, STM32G081KBT6N, STM32G081KBUXN, STM32G0B1CCT6N, STM32G0B1KCT6, STM32G0B1NEY6TR, STM32G0B1RCT6N, STM32G0C1CCT6, STM32G0C1CCT6N, STM32G0C1CCU6N, STM32G0C1CET6N, STM32G0C1CEU6N, STM32G0C1KCT6, STM32G0C1NEY6TR, STM32G0C1RCI6N, STM32G0C1RCT6N, STM32G0C1REI6N, STM32G0C1RET6N, STM32G0C1VCI6, STM32G0C1VEI6, STM32G471CCT6, STM32G471CCU6, STM32G471CET3, STM32G471CET6, STM32G471CEU3, STM32G471CEU6, STM32G471MCT6, STM32G471MET3, STM32G471MET6, STM32G471MEY6TR, STM32G471QCT6, STM32G471QET3, STM32G471RCT6, STM32G471RET3, STM32G471RET6, STM32G471VCH6, STM32G471VCI6, STM32G471VCT6, STM32G471VEH3, STM32G471VEH6, STM32G471VEI3, STM32G471VEI6, STM32G471VET3, STM32G471VET6, STM32G474CCT6, STM32H503CBT6, STM32H503CBU6, STM32H503EBY6TR, STM32H503KBU6, STM32H503RBT6, STM32H562AGI6, STM32H562AII6, STM32H562IGK6, STM32H562IGT6, STM32H562IIK6, STM32H562IIT6, STM32H562RGT6, STM32H562RGV6, STM32H562RIT6, STM32H562RIV6, STM32H562VGT6, STM32H562VIT6, STM32H562ZGT6, STM32H562ZIT6, STM32H563AGI6, STM32H563AII3Q, STM32H563AII6, STM32H563IGK6, STM32H563IGT6, STM32H563IIK3Q, STM32H563IIK6, STM32H563IIT3Q, STM32H563IIT6, STM32H563MIY3QTR, STM32H563RGT6, STM32H563RGV6, STM32H563RIT6, STM32H563RIV6, STM32H563VGT6, STM32H563VIT3Q, STM32H563VIT6, STM32H563ZGT6, STM32H563ZIT3Q, STM32H563ZIT6, STM32H573AII3Q, STM32H573AII6, STM32H573I-DK, STM32H573IIK3Q, STM32H573IIK6, STM32H573IIT3Q, STM32H573IIT6, STM32H573MIY3QTR, STM32H573RIT6, STM32H573RIV6, STM32H573VIT3Q, STM32H573VIT6, STM32H573ZIT3Q, STM32H573ZIT6, STM32L4R5QGI6STR, STM32MP131AAE3, STM32MP131AAF3, STM32MP131AAG3, STM32MP131CAE3, STM32MP131CAF3, STM32MP131CAG3, STM32MP131DAE7, STM32MP131DAF7, STM32MP131DAG7, STM32MP131FAE7, STM32MP131FAF7, STM32MP131FAG7, STM32MP133AAE3, STM32MP133AAF3, STM32MP133AAG3, STM32MP133CAE3, STM32MP133CAF3, STM32MP133CAG3, STM32MP133DAE7, STM32MP133DAF7, STM32MP133DAG7, STM32MP133FAE7, STM32MP133FAF7, STM32MP133FAG7, STM32MP135AAE3, STM32MP135AAF3, STM32MP135AAG3, STM32MP135CAE3, STM32MP135CAF3, STM32MP135CAG3, STM32MP135DAE7, STM32MP135DAF7, STM32MP135DAG7, STM32MP135F-DK, STM32MP135FAE7, STM32MP135FAF7, STM32MP135FAF7T, STM32MP135FAF7U, STM32MP135FAG7, STM32U535CBT6, STM32U535CBT6Q, STM32U535CBU6, STM32U535CBU6Q, STM32U535CCT6, STM32U535CCT6Q, STM32U535CCU6, STM32U535CCU6Q, STM32U535CET6, STM32U535CET6Q, STM32U535CEU6, STM32U535CEU6Q, STM32U535JEY6QTR, STM32U535NCY6QTR, STM32U535NEY6QTR, STM32U535RBI6, STM32U535RBI6Q, STM32U535RBT6, STM32U535RBT6Q, STM32U535RCI6, STM32U535RCI6Q, STM32U535RCT6, STM32U535RCT6Q, STM32U535REI6, STM32U535REI6Q, STM32U535RET6, STM32U535RET6Q, STM32U535VCI6, STM32U535VCI6Q, STM32U535VCT6, STM32U535VCT6Q, STM32U535VEI6, STM32U535VEI6Q, STM32U535VET6, STM32U535VET6Q, STM32U545CET6, STM32U545CET6Q, STM32U545CEU6, STM32U545CEU6Q, STM32U545JEY6QTR, STM32U545NEY6QTR, STM32U545REI6, STM32U545REI6Q, STM32U545RET6, STM32U545RET6Q, STM32U545VEI6, STM32U545VEI6Q, STM32U545VET6, STM32U545VET6Q, STM32U595AIH6, STM32U595AIH6Q, STM32U595AJH6, STM32U595AJH6Q, STM32U595QII6, STM32U595QII6Q, STM32U595QJI6, STM32U595QJI6Q, STM32U595RIT6, STM32U595RIT6Q, STM32U595RJT6, STM32U595RJT6Q, STM32U595VIT6, STM32U595VIT6Q, STM32U595VJT6, STM32U595VJT6Q, STM32U595ZIT6, STM32U595ZIT6Q, STM32U595ZIY6QTR, STM32U595ZJT6, STM32U595ZJT6Q, STM32U595ZJY6QTR, STM32U599BJY6QTR, STM32U599NIH6Q, STM32U599NJH6Q, STM32U599VIT6Q, STM32U599VJT6, STM32U599VJT6Q, STM32U599ZIT6Q, STM32U599ZIY6QTR, STM32U599ZJT6Q, STM32U599ZJY6QTR, STM32U5A5AJH6, STM32U5A5AJH6Q, STM32U5A5QJI6, STM32U5A5QJI6Q, STM32U5A5RJT6, STM32U5A5RJT6Q, STM32U5A5VJT6, STM32U5A5VJT6Q, STM32U5A5ZJT6, STM32U5A5ZJT6Q, STM32U5A5ZJY6QTR, STM32U5A9BJY6QTR, STM32U5A9J-DK, STM32U5A9NJH6Q, STM32U5A9VJT6Q, STM32U5A9ZJT6Q, STM32U5A9ZJY6QTR, STM32WB1MMCH6, STM32WBA52CEU6, STM32WBA52CEU6T, STM32WBA52CGU6, STM32WBA52CGU6T, STM32WL5MOCH6, STM32WL5MOCH6TR]
2023-06-01 09:37:20,845 [INFO] DbMcus:216 - Found 3775 MCUs, 3775 are supported
2023-06-01 09:37:20,850 [INFO] ApiDb:423 - Load user favorites file C:\Users\Admin/.stm32cubeide/favorites.mcus.txt: 3 item(s)
2023-06-01 09:37:20,850 [INFO] ApiDb:427 - User favorites MCUs=[STM32F103C8T6, STM32F407VET6, STM32F411VET6]
2023-06-01 09:37:20,851 [INFO] DbMcus:222 - Set 3 / 3 favorites MCUs
2023-06-01 09:37:21,440 [INFO] ApiDb:414 - User favorites file not found: C:\Users\Admin/.stm32cubeide/favorites.boards.txt
2023-06-01 09:37:21,441 [INFO] DbBoards:190 - Set 0 / 0 favorites Boards
2023-06-01 09:37:21,441 [INFO] McuFinderGlobals:66 - Set McuFinderConnectedMode to true
2023-06-01 09:37:21,453 [INFO] MultiScanPanel:200 - Auto-refresh data requested => check proxy status ongoing
2023-06-01 09:37:21,456 [INFO] FinderPluginLoader:95 - Searching for filters in installed packs
2023-06-01 09:37:23,994 [INFO] LoadUrlFilesThread:185 - End of LoadServerUrlFiles without Thread
2023-06-01 09:37:24,014 [INFO] DetailPanel:341 - Set advertising image to C:/Users/Admin/STM32Cube/Repository/\en.prom-stm32h5-mcu-finder.jpg
2023-06-01 09:39:06,302 [INFO] McuFinderGlobals:66 - Set McuFinderConnectedMode to true
2023-06-01 09:39:06,305 [INFO] ApiDb:448 - Save user favorites file C:\Users\Admin/.stm32cubeide/favorites.mcus.txt: 3 item(s)
2023-06-01 09:39:06,308 [INFO] ApiDb:452 - User favorites MCUs=[STM32F103C8T6, STM32F407VET6, STM32F411VET6]
2023-06-01 10:03:19,470 [INFO] MainUpdater:2854 - connection check result : 10
2023-06-01 10:03:19,559 [INFO] McuFinderGlobals:66 - Set McuFinderConnectedMode to true
2023-06-01 10:03:19,560 [INFO] MultiScanPanel:200 - Auto-refresh data requested => check proxy status ongoing
2023-06-01 10:03:19,560 [INFO] FinderPluginLoader:95 - Searching for filters in installed packs
2023-06-01 10:03:20,346 [INFO] LoadUrlFilesThread:185 - End of LoadServerUrlFiles without Thread
2023-06-01 10:03:20,346 [INFO] DetailPanel:341 - Set advertising image to C:/Users/Admin/STM32Cube/Repository/\en.prom-stm32h5-mcu-finder.jpg
2023-06-01 10:03:48,322 [INFO] McuFinderGlobals:66 - Set McuFinderConnectedMode to true
2023-06-01 10:03:48,324 [INFO] ApiDb:448 - Save user favorites file C:\Users\Admin/.stm32cubeide/favorites.mcus.txt: 3 item(s)
2023-06-01 10:03:48,324 [INFO] ApiDb:452 - User favorites MCUs=[STM32F103C8T6, STM32F407VET6, STM32F411VET6]
2023-06-01 10:04:09,567 [ERROR] LogOutputStream:75 - [STDERR_REDIRECT] Warning: NLS missing message: ExternalToolsPreferencePage_External_tool_project_builders_migration_2 in: org.eclipse.ui.externaltools.internal.ui.ExternalToolsUIMessages
2023-06-01 10:04:09,574 [ERROR] LogOutputStream:75 - [STDERR_REDIRECT] Warning: NLS missing message: ExternalToolsPreferencePage_Prompt_before_migrating_3 in: org.eclipse.ui.externaltools.internal.ui.ExternalToolsUIMessages
2023-06-01 10:04:09,578 [ERROR] LogOutputStream:75 - [STDERR_REDIRECT] Warning: NLS missing message: ExternalToolsPreferencePage_1 in: org.eclipse.ui.externaltools.internal.ui.ExternalToolsUIMessages
2023-06-01 10:23:28,451 [INFO] MainUpdater:2854 - connection check result : 10
2023-06-01 10:23:28,553 [INFO] McuFinderGlobals:66 - Set McuFinderConnectedMode to true
2023-06-01 10:23:28,553 [INFO] MultiScanPanel:200 - Auto-refresh data requested => check proxy status ongoing
2023-06-01 10:23:28,553 [INFO] FinderPluginLoader:95 - Searching for filters in installed packs
2023-06-01 10:23:29,289 [INFO] LoadUrlFilesThread:185 - End of LoadServerUrlFiles without Thread
2023-06-01 10:23:29,289 [INFO] DetailPanel:341 - Set advertising image to C:/Users/Admin/STM32Cube/Repository/\en.prom-stm32h5-mcu-finder.jpg
2023-06-01 10:23:59,077 [INFO] McuFinderGlobals:66 - Set McuFinderConnectedMode to true
2023-06-01 10:23:59,078 [INFO] ApiDb:448 - Save user favorites file C:\Users\Admin/.stm32cubeide/favorites.mcus.txt: 3 item(s)
2023-06-01 10:23:59,079 [INFO] ApiDb:452 - User favorites MCUs=[STM32F103C8T6, STM32F407VET6, STM32F411VET6]
2023-06-01 10:28:14,409 [INFO] MainUpdater:2854 - connection check result : 10
2023-06-01 10:28:14,513 [INFO] McuFinderGlobals:66 - Set McuFinderConnectedMode to true
2023-06-01 10:28:14,514 [INFO] MultiScanPanel:200 - Auto-refresh data requested => check proxy status ongoing
2023-06-01 10:28:14,514 [INFO] FinderPluginLoader:95 - Searching for filters in installed packs
2023-06-01 10:28:15,133 [INFO] LoadUrlFilesThread:185 - End of LoadServerUrlFiles without Thread
2023-06-01 10:28:15,133 [INFO] DetailPanel:341 - Set advertising image to C:/Users/Admin/STM32Cube/Repository/\en.prom-stm32h5-mcu-finder.jpg
2023-06-01 10:28:19,978 [INFO] McuFinderGlobals:66 - Set McuFinderConnectedMode to true
2023-06-01 10:28:19,979 [INFO] ApiDb:448 - Save user favorites file C:\Users\Admin/.stm32cubeide/favorites.mcus.txt: 3 item(s)
2023-06-01 10:28:19,980 [INFO] ApiDb:452 - User favorites MCUs=[STM32F103C8T6, STM32F407VET6, STM32F411VET6]
2023-06-01 10:28:24,144 [ERROR] LogOutputStream:75 - [STDERR_REDIRECT] Exception in thread "AWT-EventQueue-0" java.lang.NullPointerException
2023-06-01 10:28:25,534 [ERROR] LogOutputStream:75 - [STDERR_REDIRECT] 	at com.st.stm32cube.common.mx.targetselector.TargetSelectorAdapter$7.run(TargetSelectorAdapter.java:353)
2023-06-01 10:28:25,535 [ERROR] LogOutputStream:75 - [STDERR_REDIRECT] 	at com.st.stm32cube.common.mx.oss.core.awtswtbridge.AwtEnvironment$2.run(AwtEnvironment.java:166)
2023-06-01 10:28:25,537 [ERROR] LogOutputStream:75 - [STDERR_REDIRECT] 	at java.desktop/java.awt.event.InvocationEvent.dispatch(InvocationEvent.java:313)
2023-06-01 10:28:25,538 [ERROR] LogOutputStream:75 - [STDERR_REDIRECT] 	at java.desktop/java.awt.EventQueue.dispatchEventImpl(EventQueue.java:770)
2023-06-01 10:28:25,539 [ERROR] LogOutputStream:75 - [STDERR_REDIRECT] 	at java.desktop/java.awt.EventQueue$4.run(EventQueue.java:721)
2023-06-01 10:28:25,540 [ERROR] LogOutputStream:75 - [STDERR_REDIRECT] 	at java.desktop/java.awt.EventQueue$4.run(EventQueue.java:715)
2023-06-01 10:28:25,542 [ERROR] LogOutputStream:75 - [STDERR_REDIRECT] 	at java.base/java.security.AccessController.doPrivileged(Native Method)
2023-06-01 10:28:25,544 [ERROR] LogOutputStream:75 - [STDERR_REDIRECT] 	at java.base/java.security.ProtectionDomain$JavaSecurityAccessImpl.doIntersectionPrivilege(ProtectionDomain.java:85)
2023-06-01 10:28:25,545 [ERROR] LogOutputStream:75 - [STDERR_REDIRECT] 	at java.desktop/java.awt.EventQueue.dispatchEvent(EventQueue.java:740)
2023-06-01 10:28:25,547 [ERROR] LogOutputStream:75 - [STDERR_REDIRECT] 	at java.desktop/java.awt.EventDispatchThread.pumpOneEventForFilters(EventDispatchThread.java:203)
2023-06-01 10:28:25,548 [ERROR] LogOutputStream:75 - [STDERR_REDIRECT] 	at java.desktop/java.awt.EventDispatchThread.pumpEventsForFilter(EventDispatchThread.java:124)
2023-06-01 10:28:25,550 [ERROR] LogOutputStream:75 - [STDERR_REDIRECT] 	at java.desktop/java.awt.EventDispatchThread.pumpEventsForHierarchy(EventDispatchThread.java:113)
2023-06-01 10:28:25,552 [ERROR] LogOutputStream:75 - [STDERR_REDIRECT] 	at java.desktop/java.awt.EventDispatchThread.pumpEvents(EventDispatchThread.java:109)
2023-06-01 10:28:25,553 [ERROR] LogOutputStream:75 - [STDERR_REDIRECT] 	at java.desktop/java.awt.EventDispatchThread.pumpEvents(EventDispatchThread.java:101)
2023-06-01 10:28:25,555 [ERROR] LogOutputStream:75 - [STDERR_REDIRECT] 	at java.desktop/java.awt.EventDispatchThread.run(EventDispatchThread.java:90)
2023-06-01 10:28:34,602 [INFO] MainUpdater:2854 - connection check result : 10
2023-06-01 10:28:34,699 [INFO] McuFinderGlobals:66 - Set McuFinderConnectedMode to true
2023-06-01 10:28:34,699 [INFO] MultiScanPanel:200 - Auto-refresh data requested => check proxy status ongoing
2023-06-01 10:28:34,700 [INFO] FinderPluginLoader:95 - Searching for filters in installed packs
2023-06-01 10:28:35,245 [INFO] LoadUrlFilesThread:185 - End of LoadServerUrlFiles without Thread
2023-06-01 10:28:35,245 [INFO] DetailPanel:341 - Set advertising image to C:/Users/Admin/STM32Cube/Repository/\en.prom-stm32h5-mcu-finder.jpg
2023-06-01 10:29:00,893 [INFO] McuFinderGlobals:66 - Set McuFinderConnectedMode to true
2023-06-01 10:29:00,897 [INFO] ApiDb:448 - Save user favorites file C:\Users\Admin/.stm32cubeide/favorites.mcus.txt: 3 item(s)
2023-06-01 10:29:00,898 [INFO] ApiDb:452 - User favorites MCUs=[STM32F103C8T6, STM32F407VET6, STM32F411VET6]
2023-06-01 16:23:25,597 [ERROR] LogOutputStream:75 - [STDERR_REDIRECT] 
